<?xml version="1.0" encoding="UTF-8"?>
<!-- Generated by org.testng.reporters.JUnitReportReporter -->
<testsuite skipped="0" hostname="TVT-A-EC-735" name="Agentui5.Agentui5.Test_Base" tests="11" failures="0" timestamp="15 Jan 2020 07:07:59 GMT" time="131.476" errors="0">
  <testcase name="AgentLogin" time="7.544" classname="Agentui5.Agentui5.Test_Base"/>
  <testcase name="Ready_button" time="4.322" classname="Agentui5.Agentui5.Test_Base"/>
  <testcase name="preview_test" time="3.221" classname="Agentui5.Agentui5.Test_Base"/>
  <testcase name="progressive_test" time="2.457" classname="Agentui5.Agentui5.Test_Base"/>
  <testcase name="break_Test" time="2.786" classname="Agentui5.Agentui5.Test_Base"/>
  <testcase name="back_Test" time="3.196" classname="Agentui5.Agentui5.Test_Base"/>
  <testcase name="auto_mode" time="4.515" classname="Agentui5.Agentui5.Test_Base"/>
  <testcase name="Reset_auto" time="2.463" classname="Agentui5.Agentui5.Test_Base"/>
  <testcase name="Call_test" time="85.846" classname="Agentui5.Agentui5.Test_Base"/>
  <testcase name="Redial" time="11.612" classname="Agentui5.Agentui5.Test_Base"/>
  <testcase name="log" time="3.514" classname="Agentui5.Agentui5.Test_Base"/>
</testsuite> <!-- Agentui5.Agentui5.Test_Base -->
