<?xml version="1.0" encoding="UTF-8"?>
<!-- Generated by org.testng.reporters.JUnitReportReporter -->
<testsuite skipped="0" hostname="TVT-A-EC-735" name="Agent.Agent.Test_Base" tests="11" failures="0" timestamp="15 Jan 2020 11:58:04 GMT" time="175.769" errors="1">
  <testcase name="AgentLogin" time="50.330" classname="Agent.Agent.Test_Base">
    <error type="org.openqa.selenium.TimeoutException" message="Timeout loading page after 40000ms
Build info: version: &#039;3.14.0&#039;, revision: &#039;aacccce0&#039;, time: &#039;2018-08-02T20:19:58.91Z&#039;
System info: host: &#039;TVT-A-EC-735&#039;, ip: &#039;172.16.2.87&#039;, os.name: &#039;Windows 10&#039;, os.arch: &#039;amd64&#039;, os.version: &#039;10.0&#039;, java.version: &#039;1.8.0_212&#039;
Driver info: org.openqa.selenium.firefox.FirefoxDriver
Capabilities {acceptInsecureCerts: true, browserName: firefox, browserVersion: 73.0, javascriptEnabled: true, moz:accessibilityChecks: false, moz:buildID: 20200112220634, moz:geckodriverVersion: 0.26.0, moz:headless: false, moz:processID: 10932, moz:profile: C:\Users\akshita tripathi\A..., moz:shutdownTimeout: 60000, moz:useNonSpecCompliantPointerOrigin: false, moz:webdriverClick: true, pageLoadStrategy: normal, platform: WINDOWS, platformName: WINDOWS, platformVersion: 10.0, rotatable: false, setWindowRect: true, strictFileInteractability: false, timeouts: {implicit: 0, pageLoad: 300000, script: 30000}, unhandledPromptBehavior: dismiss and notify}
Session ID: 3cce6d98-8255-4a33-875d-490fcddf6c42">
      <![CDATA[org.openqa.selenium.TimeoutException: Timeout loading page after 40000ms
Build info: version: '3.14.0', revision: 'aacccce0', time: '2018-08-02T20:19:58.91Z'
System info: host: 'TVT-A-EC-735', ip: '172.16.2.87', os.name: 'Windows 10', os.arch: 'amd64', os.version: '10.0', java.version: '1.8.0_212'
Driver info: org.openqa.selenium.firefox.FirefoxDriver
Capabilities {acceptInsecureCerts: true, browserName: firefox, browserVersion: 73.0, javascriptEnabled: true, moz:accessibilityChecks: false, moz:buildID: 20200112220634, moz:geckodriverVersion: 0.26.0, moz:headless: false, moz:processID: 10932, moz:profile: C:\Users\akshita tripathi\A..., moz:shutdownTimeout: 60000, moz:useNonSpecCompliantPointerOrigin: false, moz:webdriverClick: true, pageLoadStrategy: normal, platform: WINDOWS, platformName: WINDOWS, platformVersion: 10.0, rotatable: false, setWindowRect: true, strictFileInteractability: false, timeouts: {implicit: 0, pageLoad: 300000, script: 30000}, unhandledPromptBehavior: dismiss and notify}
Session ID: 3cce6d98-8255-4a33-875d-490fcddf6c42
at sun.reflect.NativeConstructorAccessorImpl.newInstance0(Native Method)
at sun.reflect.NativeConstructorAccessorImpl.newInstance(Unknown Source)
at sun.reflect.DelegatingConstructorAccessorImpl.newInstance(Unknown Source)
at java.lang.reflect.Constructor.newInstance(Unknown Source)
at org.openqa.selenium.remote.http.W3CHttpResponseCodec.createException(W3CHttpResponseCodec.java:187)
at org.openqa.selenium.remote.http.W3CHttpResponseCodec.decode(W3CHttpResponseCodec.java:122)
at org.openqa.selenium.remote.http.W3CHttpResponseCodec.decode(W3CHttpResponseCodec.java:49)
at org.openqa.selenium.remote.HttpCommandExecutor.execute(HttpCommandExecutor.java:158)
at org.openqa.selenium.remote.service.DriverCommandExecutor.execute(DriverCommandExecutor.java:83)
at org.openqa.selenium.remote.RemoteWebDriver.execute(RemoteWebDriver.java:548)
at org.openqa.selenium.remote.RemoteWebElement.execute(RemoteWebElement.java:276)
at org.openqa.selenium.remote.RemoteWebElement.click(RemoteWebElement.java:83)
at Agent.Agent.Agentlogin.login(Agentlogin.java:24)
at Agent.Agent.Test_Base.AgentLogin(Test_Base.java:34)
at sun.reflect.NativeMethodAccessorImpl.invoke0(Native Method)
at sun.reflect.NativeMethodAccessorImpl.invoke(Unknown Source)
at sun.reflect.DelegatingMethodAccessorImpl.invoke(Unknown Source)
at java.lang.reflect.Method.invoke(Unknown Source)
at org.testng.internal.MethodInvocationHelper.invokeMethod(MethodInvocationHelper.java:124)
at org.testng.internal.Invoker.invokeMethod(Invoker.java:583)
at org.testng.internal.Invoker.invokeTestMethod(Invoker.java:719)
at org.testng.internal.Invoker.invokeTestMethods(Invoker.java:989)
at org.testng.internal.TestMethodWorker.invokeTestMethods(TestMethodWorker.java:125)
at org.testng.internal.TestMethodWorker.run(TestMethodWorker.java:109)
at org.testng.TestRunner.privateRun(TestRunner.java:648)
at org.testng.TestRunner.run(TestRunner.java:505)
at org.testng.SuiteRunner.runTest(SuiteRunner.java:455)
at org.testng.SuiteRunner.runSequentially(SuiteRunner.java:450)
at org.testng.SuiteRunner.privateRun(SuiteRunner.java:415)
at org.testng.SuiteRunner.run(SuiteRunner.java:364)
at org.testng.SuiteRunnerWorker.runSuite(SuiteRunnerWorker.java:52)
at org.testng.SuiteRunnerWorker.run(SuiteRunnerWorker.java:84)
at org.testng.TestNG.runSuitesSequentially(TestNG.java:1208)
at org.testng.TestNG.runSuitesLocally(TestNG.java:1137)
at org.testng.TestNG.runSuites(TestNG.java:1049)
at org.testng.TestNG.run(TestNG.java:1017)
at org.testng.remote.AbstractRemoteTestNG.run(AbstractRemoteTestNG.java:115)
at org.testng.remote.RemoteTestNG.initAndRun(RemoteTestNG.java:251)
at org.testng.remote.RemoteTestNG.main(RemoteTestNG.java:77)
]]>
    </error>
  </testcase> <!-- AgentLogin -->
  <testcase name="Ready_button" time="2.663" classname="Agent.Agent.Test_Base"/>
  <testcase name="preview_test" time="3.314" classname="Agent.Agent.Test_Base"/>
  <testcase name="progressive_test" time="2.427" classname="Agent.Agent.Test_Base"/>
  <testcase name="break_Test" time="2.748" classname="Agent.Agent.Test_Base"/>
  <testcase name="back_Test" time="3.232" classname="Agent.Agent.Test_Base"/>
  <testcase name="auto_mode" time="4.340" classname="Agent.Agent.Test_Base"/>
  <testcase name="Reset_auto" time="2.393" classname="Agent.Agent.Test_Base"/>
  <testcase name="Call_test" time="87.695" classname="Agent.Agent.Test_Base"/>
  <testcase name="Redial" time="13.378" classname="Agent.Agent.Test_Base"/>
  <testcase name="log" time="3.249" classname="Agent.Agent.Test_Base"/>
</testsuite> <!-- Agent.Agent.Test_Base -->
